<?xml version="1.0" encoding="UTF-8"?>
<testng-results skipped="0" failed="0" ignored="0" total="1" passed="1">
  <reporter-output>
  </reporter-output>
  <suite name="Default suite" duration-ms="26239" started-at="2021-12-08T06:50:41Z" finished-at="2021-12-08T06:51:07Z">
    <groups>
    </groups>
    <test name="Default test" duration-ms="26239" started-at="2021-12-08T06:50:41Z" finished-at="2021-12-08T06:51:07Z">
      <class name="mavenDemos.TitleDemo1">
        <test-method status="PASS" signature="test1()[pri:0, instance:mavenDemos.TitleDemo1@3159c4b8]" name="test1" duration-ms="26216" started-at="2021-12-08T12:20:41Z" finished-at="2021-12-08T12:21:07Z">
          <reporter-output>
          </reporter-output>
        </test-method> <!-- test1 -->
      </class> <!-- mavenDemos.TitleDemo1 -->
    </test> <!-- Default test -->
  </suite> <!-- Default suite -->
</testng-results>
